#-----------------------------------------------------------
# Vivado v2024.2 (64-bit)
# SW Build 5239630 on Fri Nov 08 22:35:27 MST 2024
# IP Build 5239520 on Sun Nov 10 16:12:51 MST 2024
# SharedData Build 5239561 on Fri Nov 08 14:39:27 MST 2024
# Start of session at: Thu May 15 10:06:36 2025
# Process ID         : 11820
# Current directory  : D:/coding/computer_organization/exp/exp13
# Command line       : vivado.exe -gui_launcher_event rodinguilauncherevent548 D:\coding\computer_organization\exp\exp13\exp13.xpr
# Log file           : D:/coding/computer_organization/exp/exp13/vivado.log
# Journal file       : D:/coding/computer_organization/exp/exp13\vivado.jou
# Running On         : Celore
# Platform           : Windows Server 2016 or Windows 10
# Operating System   : 26100
# Processor Detail   : AMD Ryzen 7 7735H with Radeon Graphics
# CPU Frequency      : 3194 MHz
# CPU Physical cores : 8
# CPU Logical cores  : 16
# Host memory        : 16368 MB
# Swap memory        : 18253 MB
# Total Virtual      : 34622 MB
# Available Virtual  : 24810 MB
#-----------------------------------------------------------
start_gui
open_project D:/coding/computer_organization/exp/exp13/exp13.xpr
Scanning sources...
Finished scanning sources
INFO: [IP_Flow 19-234] Refreshing IP repositories
INFO: [IP_Flow 19-1700] Loaded user IP repository 'd:/coding/computer_organization/exp/ip/ip_repo'.
INFO: [IP_Flow 19-2313] Loaded Vivado IP repository 'D:/coding/Xilinx/Vivado/2024.2/data/ip'.
INFO: [Project 1-5579] Found utility IPs instantiated in one or more block designs which have equivalent inline hdl with improved performance and reduced diskspace. It is recommended to migrate these utility IPs to inline hdl using the command upgrade_project -migrate_to_inline_hdl. The utility IPs may be deprecated in future releases. More information on inline hdl is available in UG994.
open_project: Time (s): cpu = 00:00:35 ; elapsed = 00:00:28 . Memory (MB): peak = 1326.742 ; gain = 210.543
update_compile_order -fileset sources_1
open_bd_design {D:/coding/computer_organization/exp/exp13/exp13.srcs/sources_1/bd/design_1/design_1.bd}
Reading block design file <D:/coding/computer_organization/exp/exp13/exp13.srcs/sources_1/bd/design_1/design_1.bd>...
Adding component instance block -- educg.net:user:cg_fpga:1.4 - cg_fpga_0
Adding component instance block -- xilinx.com:module_ref:adpt_in:1.0 - adpt_in_0
Adding component instance block -- xilinx.com:module_ref:addr_adpt:1.0 - addr_adpt_0
Adding component instance block -- xilinx.com:module_ref:m74LS161:1.0 - m74LS161_0
Adding component instance block -- xilinx.com:module_ref:m74LS161:1.0 - m74LS161_1
Adding component instance block -- xilinx.com:module_ref:UIR:1.0 - UIR_0
Adding component instance block -- xilinx.com:module_ref:rom1_256x24:1.0 - rom1_256x24_0
Adding component instance block -- xilinx.com:ip:xlconstant:1.1 - xlconstant_0
Adding component instance block -- xilinx.com:module_ref:adpt_out:1.0 - adpt_out_0
Successfully read diagram <design_1> from block design file <D:/coding/computer_organization/exp/exp13/exp13.srcs/sources_1/bd/design_1/design_1.bd>
open_bd_design: Time (s): cpu = 00:00:13 ; elapsed = 00:00:09 . Memory (MB): peak = 1472.723 ; gain = 113.484
exit
INFO: [Common 17-206] Exiting Vivado at Thu May 15 10:16:48 2025...
