
*** Running vivado
    with args -log rom1.vds -m64 -product Vivado -mode batch -messageDb vivado.pb -notrace -source rom1.tcl



****** Vivado v2024.2 (64-bit)
  **** SW Build 5239630 on Fri Nov 08 22:35:27 MST 2024
  **** IP Build 5239520 on Sun Nov 10 16:12:51 MST 2024
  **** SharedData Build 5239561 on Fri Nov 08 14:39:27 MST 2024
  **** Start of session at: Mon May 12 17:04:36 2025
    ** Copyright 1986-2022 Xilinx, Inc. All Rights Reserved.
    ** Copyright 2022-2024 Advanced Micro Devices, Inc. All Rights Reserved.

source rom1.tcl -notrace
INFO: [IP_Flow 19-234] Refreshing IP repositories
INFO: [IP_Flow 19-1700] Loaded user IP repository 'd:/coding/computer_organization/exp/ip/ip_repo'.
INFO: [IP_Flow 19-2313] Loaded Vivado IP repository 'D:/coding/Xilinx/Vivado/2024.2/data/ip'.
INFO: [IP_Flow 19-6924] IPCACHE: Running cache check for IP inst: rom1
INFO: [IP_Flow 19-6922] IPCACHE: Exporting cached entry 4bf50fc3933b7109 to dir: D:/coding/computer_organization/exp/exp14/exp14.runs/rom1_synth_1
INFO: [IP_Flow 19-6928] IPCACHE: copied cached file d:/coding/computer_organization/exp/exp14/exp14.cache/ip/2024.2/4/b/4bf50fc3933b7109/rom1.dcp to D:/coding/computer_organization/exp/exp14/exp14.runs/rom1_synth_1/rom1.dcp.
INFO: [IP_Flow 19-6928] IPCACHE: copied cached file d:/coding/computer_organization/exp/exp14/exp14.cache/ip/2024.2/4/b/4bf50fc3933b7109/rom1_sim_netlist.v to D:/coding/computer_organization/exp/exp14/exp14.runs/rom1_synth_1/rom1_sim_netlist.v.
INFO: [IP_Flow 19-6928] IPCACHE: copied cached file d:/coding/computer_organization/exp/exp14/exp14.cache/ip/2024.2/4/b/4bf50fc3933b7109/rom1_sim_netlist.vhdl to D:/coding/computer_organization/exp/exp14/exp14.runs/rom1_synth_1/rom1_sim_netlist.vhdl.
INFO: [IP_Flow 19-6928] IPCACHE: copied cached file d:/coding/computer_organization/exp/exp14/exp14.cache/ip/2024.2/4/b/4bf50fc3933b7109/rom1_stub.v to D:/coding/computer_organization/exp/exp14/exp14.runs/rom1_synth_1/rom1_stub.v.
INFO: [IP_Flow 19-6928] IPCACHE: copied cached file d:/coding/computer_organization/exp/exp14/exp14.cache/ip/2024.2/4/b/4bf50fc3933b7109/rom1_stub.vhdl to D:/coding/computer_organization/exp/exp14/exp14.runs/rom1_synth_1/rom1_stub.vhdl.
INFO: [IP_Flow 19-4838] Using cached IP synthesis design for IP rom1, cache-ID = 4bf50fc3933b7109.
INFO: [Common 17-206] Exiting Vivado at Mon May 12 17:04:45 2025...
