#-----------------------------------------------------------
# Vivado v2024.2 (64-bit)
# SW Build 5239630 on Fri Nov 08 22:35:27 MST 2024
# IP Build 5239520 on Sun Nov 10 16:12:51 MST 2024
# SharedData Build 5239561 on Fri Nov 08 14:39:27 MST 2024
# Start of session at: Sat Mar  8 09:22:47 2025
# Process ID         : 14660
# Current directory  : D:/coding/computer_organization/exp/exp2.2
# Command line       : vivado.exe -gui_launcher_event rodinguilauncherevent11960 D:\coding\computer_organization\exp\exp2.2\exp2.2.xpr
# Log file           : D:/coding/computer_organization/exp/exp2.2/vivado.log
# Journal file       : D:/coding/computer_organization/exp/exp2.2\vivado.jou
# Running On         : Celore
# Platform           : Windows Server 2016 or Windows 10
# Operating System   : 26100
# Processor Detail   : AMD Ryzen 7 7735H with Radeon Graphics
# CPU Frequency      : 3194 MHz
# CPU Physical cores : 8
# CPU Logical cores  : 16
# Host memory        : 16368 MB
# Swap memory        : 12348 MB
# Total Virtual      : 28716 MB
# Available Virtual  : 11776 MB
#-----------------------------------------------------------
start_gui
open_project D:/coding/computer_organization/exp/exp2.2/exp2.2.xpr
Scanning sources...
Finished scanning sources
INFO: [IP_Flow 19-234] Refreshing IP repositories
INFO: [IP_Flow 19-1700] Loaded user IP repository 'd:/coding/computer_organization/exp/ip/ip_repo'.
INFO: [IP_Flow 19-2313] Loaded Vivado IP repository 'D:/coding/Xilinx/Vivado/2024.2/data/ip'.
INFO: [Project 1-5579] Found utility IPs instantiated in one or more block designs which have equivalent inline hdl with improved performance and reduced diskspace. It is recommended to migrate these utility IPs to inline hdl using the command upgrade_project -migrate_to_inline_hdl. The utility IPs may be deprecated in future releases. More information on inline hdl is available in UG994.
open_project: Time (s): cpu = 00:00:22 ; elapsed = 00:00:10 . Memory (MB): peak = 1352.551 ; gain = 218.195
exit
INFO: [Common 17-206] Exiting Vivado at Sat Mar  8 09:23:31 2025...
