
*** Running vivado
    with args -log design_1_adpt_out_0_1.vds -m64 -product Vivado -mode batch -messageDb vivado.pb -notrace -source design_1_adpt_out_0_1.tcl



****** Vivado v2024.2 (64-bit)
  **** SW Build 5239630 on Fri Nov 08 22:35:27 MST 2024
  **** IP Build 5239520 on Sun Nov 10 16:12:51 MST 2024
  **** SharedData Build 5239561 on Fri Nov 08 14:39:27 MST 2024
  **** Start of session at: Thu Apr  3 12:12:57 2025
    ** Copyright 1986-2022 Xilinx, Inc. All Rights Reserved.
    ** Copyright 2022-2024 Advanced Micro Devices, Inc. All Rights Reserved.

source design_1_adpt_out_0_1.tcl -notrace
INFO: [IP_Flow 19-234] Refreshing IP repositories
INFO: [IP_Flow 19-1700] Loaded user IP repository 'd:/coding/computer_organization/exp/ip/ip_repo'.
INFO: [IP_Flow 19-2313] Loaded Vivado IP repository 'D:/coding/Xilinx/Vivado/2024.2/data/ip'.
Command: synth_design -top design_1_adpt_out_0_1 -part xc7z020clg400-1 -incremental_mode off -mode out_of_context
Starting synth_design
Attempting to get a license for feature 'Synthesis' and/or device 'xc7z020'
INFO: [Common 17-349] Got license for feature 'Synthesis' and/or device 'xc7z020'
INFO: [Device 21-403] Loading part xc7z020clg400-1
INFO: [Synth 8-7079] Multithreading enabled for synth_design using a maximum of 2 processes.
INFO: [Synth 8-7078] Launching helper process for spawning children vivado processes
INFO: [Synth 8-7075] Helper process launched with PID 16128
---------------------------------------------------------------------------------
Starting RTL Elaboration : Time (s): cpu = 00:00:09 ; elapsed = 00:00:12 . Memory (MB): peak = 1081.398 ; gain = 466.184
---------------------------------------------------------------------------------
INFO: [Synth 8-11241] undeclared symbol 'clk_ena', assumed default net type 'wire' [D:/coding/computer_organization/exp/source/exp7_source.v:16]
WARNING: [Synth 8-10929] literal value 'd25_000_000 truncated to fit in 24 bits [D:/coding/computer_organization/exp/source/exp7_source.v:16]
INFO: [Synth 8-6157] synthesizing module 'design_1_adpt_out_0_1' [d:/coding/computer_organization/exp/exp7/exp7.gen/sources_1/bd/design_1/ip/design_1_adpt_out_0_1/synth/design_1_adpt_out_0_1.v:53]
INFO: [Synth 8-6157] synthesizing module 'adpt_out' [D:/coding/computer_organization/exp/source/exp7_source.v:38]
INFO: [Synth 8-6155] done synthesizing module 'adpt_out' (0#1) [D:/coding/computer_organization/exp/source/exp7_source.v:38]
INFO: [Synth 8-6155] done synthesizing module 'design_1_adpt_out_0_1' (0#1) [d:/coding/computer_organization/exp/exp7/exp7.gen/sources_1/bd/design_1/ip/design_1_adpt_out_0_1/synth/design_1_adpt_out_0_1.v:53]
---------------------------------------------------------------------------------
Finished RTL Elaboration : Time (s): cpu = 00:00:12 ; elapsed = 00:00:15 . Memory (MB): peak = 1192.027 ; gain = 576.812
---------------------------------------------------------------------------------
---------------------------------------------------------------------------------
Start Handling Custom Attributes
---------------------------------------------------------------------------------
---------------------------------------------------------------------------------
Finished Handling Custom Attributes : Time (s): cpu = 00:00:12 ; elapsed = 00:00:15 . Memory (MB): peak = 1192.027 ; gain = 576.812
---------------------------------------------------------------------------------
---------------------------------------------------------------------------------
Finished RTL Optimization Phase 1 : Time (s): cpu = 00:00:12 ; elapsed = 00:00:15 . Memory (MB): peak = 1192.027 ; gain = 576.812
---------------------------------------------------------------------------------
Netlist sorting complete. Time (s): cpu = 00:00:00 ; elapsed = 00:00:00.002 . Memory (MB): peak = 1192.027 ; gain = 0.000
INFO: [Project 1-570] Preparing netlist for logic optimization

Processing XDC Constraints
Initializing timing engine
Completed Processing XDC Constraints

Netlist sorting complete. Time (s): cpu = 00:00:00 ; elapsed = 00:00:00 . Memory (MB): peak = 1194.914 ; gain = 0.000
INFO: [Project 1-111] Unisim Transformation Summary:
No Unisim elements were transformed.

Constraint Validation Runtime : Time (s): cpu = 00:00:00 ; elapsed = 00:00:00.032 . Memory (MB): peak = 1195.074 ; gain = 0.160
INFO: [Designutils 20-5008] Incremental synthesis strategy off
---------------------------------------------------------------------------------
Finished Constraint Validation : Time (s): cpu = 00:00:24 ; elapsed = 00:00:28 . Memory (MB): peak = 1195.074 ; gain = 579.859
---------------------------------------------------------------------------------
---------------------------------------------------------------------------------
Start Loading Part and Timing Information
---------------------------------------------------------------------------------
Loading part: xc7z020clg400-1
---------------------------------------------------------------------------------
Finished Loading Part and Timing Information : Time (s): cpu = 00:00:24 ; elapsed = 00:00:28 . Memory (MB): peak = 1195.074 ; gain = 579.859
---------------------------------------------------------------------------------
---------------------------------------------------------------------------------
Start Applying 'set_property' XDC Constraints
---------------------------------------------------------------------------------
---------------------------------------------------------------------------------
Finished applying 'set_property' XDC Constraints : Time (s): cpu = 00:00:24 ; elapsed = 00:00:28 . Memory (MB): peak = 1195.074 ; gain = 579.859
---------------------------------------------------------------------------------
---------------------------------------------------------------------------------
Finished RTL Optimization Phase 2 : Time (s): cpu = 00:00:24 ; elapsed = 00:00:28 . Memory (MB): peak = 1195.074 ; gain = 579.859
---------------------------------------------------------------------------------
---------------------------------------------------------------------------------
Start RTL Component Statistics 
---------------------------------------------------------------------------------
Detailed RTL Component Info : 
---------------------------------------------------------------------------------
Finished RTL Component Statistics 
---------------------------------------------------------------------------------
---------------------------------------------------------------------------------
Start Part Resource Summary
---------------------------------------------------------------------------------
Part Resources:
DSPs: 220 (col length:60)
BRAMs: 280 (col length: RAMB18 60 RAMB36 30)
---------------------------------------------------------------------------------
Finished Part Resource Summary
---------------------------------------------------------------------------------
---------------------------------------------------------------------------------
Start Cross Boundary and Area Optimization
---------------------------------------------------------------------------------
WARNING: [Synth 8-7080] Parallel synthesis criteria is not met
INFO: [Synth 8-3917] design design_1_adpt_out_0_1 has port led[31] driven by constant 1
INFO: [Synth 8-3917] design design_1_adpt_out_0_1 has port led[30] driven by constant 1
INFO: [Synth 8-3917] design design_1_adpt_out_0_1 has port led[29] driven by constant 1
INFO: [Synth 8-3917] design design_1_adpt_out_0_1 has port led[28] driven by constant 1
INFO: [Synth 8-3917] design design_1_adpt_out_0_1 has port led[27] driven by constant 1
INFO: [Synth 8-3917] design design_1_adpt_out_0_1 has port led[26] driven by constant 1
INFO: [Synth 8-3917] design design_1_adpt_out_0_1 has port led[25] driven by constant 1
INFO: [Synth 8-3917] design design_1_adpt_out_0_1 has port led[24] driven by constant 1
INFO: [Synth 8-3917] design design_1_adpt_out_0_1 has port led[23] driven by constant 1
INFO: [Synth 8-3917] design design_1_adpt_out_0_1 has port led[22] driven by constant 1
INFO: [Synth 8-3917] design design_1_adpt_out_0_1 has port led[21] driven by constant 1
INFO: [Synth 8-3917] design design_1_adpt_out_0_1 has port led[20] driven by constant 1
INFO: [Synth 8-3917] design design_1_adpt_out_0_1 has port led[19] driven by constant 1
INFO: [Synth 8-3917] design design_1_adpt_out_0_1 has port led[18] driven by constant 1
INFO: [Synth 8-3917] design design_1_adpt_out_0_1 has port led[17] driven by constant 1
INFO: [Synth 8-3917] design design_1_adpt_out_0_1 has port led[16] driven by constant 1
INFO: [Synth 8-3917] design design_1_adpt_out_0_1 has port led[15] driven by constant 1
INFO: [Synth 8-3917] design design_1_adpt_out_0_1 has port led[14] driven by constant 1
INFO: [Synth 8-3917] design design_1_adpt_out_0_1 has port led[13] driven by constant 1
INFO: [Synth 8-3917] design design_1_adpt_out_0_1 has port led[12] driven by constant 1
INFO: [Synth 8-3917] design design_1_adpt_out_0_1 has port led[11] driven by constant 1
INFO: [Synth 8-3917] design design_1_adpt_out_0_1 has port led[10] driven by constant 1
INFO: [Synth 8-3917] design design_1_adpt_out_0_1 has port led[9] driven by constant 1
INFO: [Synth 8-3917] design design_1_adpt_out_0_1 has port led[8] driven by constant 1
INFO: [Synth 8-3917] design design_1_adpt_out_0_1 has port led[7] driven by constant 1
INFO: [Synth 8-3917] design design_1_adpt_out_0_1 has port led[6] driven by constant 1
INFO: [Synth 8-3917] design design_1_adpt_out_0_1 has port led[5] driven by constant 1
INFO: [Synth 8-3917] design design_1_adpt_out_0_1 has port led[4] driven by constant 1
---------------------------------------------------------------------------------
Finished Cross Boundary and Area Optimization : Time (s): cpu = 00:00:27 ; elapsed = 00:00:31 . Memory (MB): peak = 1218.484 ; gain = 603.270
---------------------------------------------------------------------------------
---------------------------------------------------------------------------------
Start Applying XDC Timing Constraints
---------------------------------------------------------------------------------
---------------------------------------------------------------------------------
Finished Applying XDC Timing Constraints : Time (s): cpu = 00:00:36 ; elapsed = 00:00:40 . Memory (MB): peak = 1375.746 ; gain = 760.531
---------------------------------------------------------------------------------
---------------------------------------------------------------------------------
Start Timing Optimization
---------------------------------------------------------------------------------
---------------------------------------------------------------------------------
Finished Timing Optimization : Time (s): cpu = 00:00:36 ; elapsed = 00:00:40 . Memory (MB): peak = 1375.746 ; gain = 760.531
---------------------------------------------------------------------------------
---------------------------------------------------------------------------------
Start Technology Mapping
---------------------------------------------------------------------------------
---------------------------------------------------------------------------------
Finished Technology Mapping : Time (s): cpu = 00:00:36 ; elapsed = 00:00:40 . Memory (MB): peak = 1385.289 ; gain = 770.074
---------------------------------------------------------------------------------
---------------------------------------------------------------------------------
Start IO Insertion
---------------------------------------------------------------------------------
---------------------------------------------------------------------------------
Start Flattening Before IO Insertion
---------------------------------------------------------------------------------
---------------------------------------------------------------------------------
Finished Flattening Before IO Insertion
---------------------------------------------------------------------------------
---------------------------------------------------------------------------------
Start Final Netlist Cleanup
---------------------------------------------------------------------------------
---------------------------------------------------------------------------------
Finished Final Netlist Cleanup
---------------------------------------------------------------------------------
---------------------------------------------------------------------------------
Finished IO Insertion : Time (s): cpu = 00:00:44 ; elapsed = 00:00:49 . Memory (MB): peak = 1601.969 ; gain = 986.754
---------------------------------------------------------------------------------
---------------------------------------------------------------------------------
Start Renaming Generated Instances
---------------------------------------------------------------------------------
---------------------------------------------------------------------------------
Finished Renaming Generated Instances : Time (s): cpu = 00:00:44 ; elapsed = 00:00:49 . Memory (MB): peak = 1601.969 ; gain = 986.754
---------------------------------------------------------------------------------
---------------------------------------------------------------------------------
Start Rebuilding User Hierarchy
---------------------------------------------------------------------------------
---------------------------------------------------------------------------------
Finished Rebuilding User Hierarchy : Time (s): cpu = 00:00:44 ; elapsed = 00:00:49 . Memory (MB): peak = 1601.969 ; gain = 986.754
---------------------------------------------------------------------------------
---------------------------------------------------------------------------------
Start Renaming Generated Ports
---------------------------------------------------------------------------------
---------------------------------------------------------------------------------
Finished Renaming Generated Ports : Time (s): cpu = 00:00:44 ; elapsed = 00:00:49 . Memory (MB): peak = 1601.969 ; gain = 986.754
---------------------------------------------------------------------------------
---------------------------------------------------------------------------------
Start Handling Custom Attributes
---------------------------------------------------------------------------------
---------------------------------------------------------------------------------
Finished Handling Custom Attributes : Time (s): cpu = 00:00:44 ; elapsed = 00:00:49 . Memory (MB): peak = 1601.969 ; gain = 986.754
---------------------------------------------------------------------------------
---------------------------------------------------------------------------------
Start Renaming Generated Nets
---------------------------------------------------------------------------------
---------------------------------------------------------------------------------
Finished Renaming Generated Nets : Time (s): cpu = 00:00:44 ; elapsed = 00:00:49 . Memory (MB): peak = 1601.969 ; gain = 986.754
---------------------------------------------------------------------------------
---------------------------------------------------------------------------------
Start Writing Synthesis Report
---------------------------------------------------------------------------------

Report BlackBoxes: 
+-+--------------+----------+
| |BlackBox name |Instances |
+-+--------------+----------+
+-+--------------+----------+

Report Cell Usage: 
+------+-----+------+
|      |Cell |Count |
+------+-----+------+
|1     |LUT1 |     4|
+------+-----+------+
---------------------------------------------------------------------------------
Finished Writing Synthesis Report : Time (s): cpu = 00:00:44 ; elapsed = 00:00:49 . Memory (MB): peak = 1601.969 ; gain = 986.754
---------------------------------------------------------------------------------
Synthesis finished with 0 errors, 0 critical warnings and 1 warnings.
Synthesis Optimization Runtime : Time (s): cpu = 00:00:30 ; elapsed = 00:00:46 . Memory (MB): peak = 1601.969 ; gain = 983.707
Synthesis Optimization Complete : Time (s): cpu = 00:00:45 ; elapsed = 00:00:49 . Memory (MB): peak = 1601.969 ; gain = 986.754
INFO: [Project 1-571] Translating synthesized netlist
Netlist sorting complete. Time (s): cpu = 00:00:00 ; elapsed = 00:00:00 . Memory (MB): peak = 1611.141 ; gain = 0.000
INFO: [Project 1-570] Preparing netlist for logic optimization
INFO: [Opt 31-138] Pushed 0 inverter(s) to 0 load pin(s).
Netlist sorting complete. Time (s): cpu = 00:00:00 ; elapsed = 00:00:00 . Memory (MB): peak = 1614.727 ; gain = 0.000
INFO: [Project 1-111] Unisim Transformation Summary:
No Unisim elements were transformed.

Synth Design complete | Checksum: 9c6367bf
INFO: [Common 17-83] Releasing license: Synthesis
49 Infos, 2 Warnings, 0 Critical Warnings and 0 Errors encountered.
synth_design completed successfully
synth_design: Time (s): cpu = 00:00:50 ; elapsed = 00:01:01 . Memory (MB): peak = 1614.727 ; gain = 1228.812
INFO: [Common 17-1381] The checkpoint 'D:/coding/computer_organization/exp/exp7/exp7.runs/design_1_adpt_out_0_1_synth_1/design_1_adpt_out_0_1.dcp' has been generated.
INFO: [Vivado 12-24828] Executing command : report_utilization -file design_1_adpt_out_0_1_utilization_synth.rpt -pb design_1_adpt_out_0_1_utilization_synth.pb
INFO: [Common 17-206] Exiting Vivado at Thu Apr  3 12:14:06 2025...
