#-----------------------------------------------------------
# Vivado v2024.2 (64-bit)
# SW Build 5239630 on Fri Nov 08 22:35:27 MST 2024
# IP Build 5239520 on Sun Nov 10 16:12:51 MST 2024
# SharedData Build 5239561 on Fri Nov 08 14:39:27 MST 2024
# Start of session at: Wed May  7 20:45:51 2025
# Process ID         : 22188
# Current directory  : D:/coding/computer_organization/exp/exp11
# Command line       : vivado.exe -gui_launcher_event rodinguilauncherevent21900 D:\coding\computer_organization\exp\exp11\exp11.xpr
# Log file           : D:/coding/computer_organization/exp/exp11/vivado.log
# Journal file       : D:/coding/computer_organization/exp/exp11\vivado.jou
# Running On         : Celore
# Platform           : Windows Server 2016 or Windows 10
# Operating System   : 26100
# Processor Detail   : AMD Ryzen 7 7735H with Radeon Graphics
# CPU Frequency      : 3194 MHz
# CPU Physical cores : 8
# CPU Logical cores  : 16
# Host memory        : 16368 MB
# Swap memory        : 16106 MB
# Total Virtual      : 32474 MB
# Available Virtual  : 16275 MB
#-----------------------------------------------------------
start_gui
open_project D:/coding/computer_organization/exp/exp11/exp11.xpr
Scanning sources...
Finished scanning sources
INFO: [IP_Flow 19-234] Refreshing IP repositories
INFO: [IP_Flow 19-1700] Loaded user IP repository 'd:/coding/computer_organization/exp/ip/ip_repo'.
INFO: [IP_Flow 19-2313] Loaded Vivado IP repository 'D:/coding/Xilinx/Vivado/2024.2/data/ip'.
open_project: Time (s): cpu = 00:00:23 ; elapsed = 00:00:23 . Memory (MB): peak = 1309.109 ; gain = 197.582
update_compile_order -fileset sources_1
open_bd_design {D:/coding/computer_organization/exp/exp11/exp11.srcs/sources_1/bd/design_1/design_1.bd}
Reading block design file <D:/coding/computer_organization/exp/exp11/exp11.srcs/sources_1/bd/design_1/design_1.bd>...
Adding component instance block -- educg.net:user:cg_fpga:1.4 - cg_fpga_0
Adding component instance block -- xilinx.com:module_ref:adpt_in:1.0 - adpt_in_0
Adding component instance block -- xilinx.com:module_ref:adpt_out:1.0 - adpt_out_0
Adding component instance block -- xilinx.com:module_ref:ram_dp0_256x8:1.0 - ram_dp0_256x8_0
Successfully read diagram <design_1> from block design file <D:/coding/computer_organization/exp/exp11/exp11.srcs/sources_1/bd/design_1/design_1.bd>
open_bd_design: Time (s): cpu = 00:00:09 ; elapsed = 00:00:11 . Memory (MB): peak = 1458.531 ; gain = 101.082
exit
INFO: [Common 17-206] Exiting Vivado at Wed May  7 20:48:37 2025...
